<?xml version="1.0" encoding="UTF-8"?>
<testsuite xmlns:xsi="http://www.w3.org/2001/XMLSchema-instance" xsi:noNamespaceSchemaLocation="https://maven.apache.org/surefire/maven-surefire-plugin/xsd/surefire-test-report-3.0.xsd" version="3.0" name="edu.uga.miage.m1.polygons.gui.shapes.TriangleTest" time="0.013" tests="2" errors="0" skipped="0" failures="0">
  <properties>
[...]
</properties>
  <testcase name="test_getters" classname="edu.uga.miage.m1.polygons.gui.shapes.TriangleTest" time="0.004"/>
  <testcase name="test_draw" classname="edu.uga.miage.m1.polygons.gui.shapes.TriangleTest" time="0.007"/>
</testsuite>